C51 COMPILER V9.60.7.0   DS1302                                                            06/13/2025 19:53:14 PAGE 1   


C51 COMPILER V9.60.7.0, COMPILATION OF MODULE DS1302
OBJECT MODULE PLACED IN .\Objects\ds1302.obj
COMPILER INVOKED BY: F:\keil_5\C51\BIN\C51.EXE ..\Driver\ds1302.c OPTIMIZE(8,SPEED) BROWSE INCDIR(..\Driver) DEBUG OBJEC
                    -TEXTEND PRINT(.\Listings\ds1302.lst) TABS(2) OBJECT(.\Objects\ds1302.obj)

line level    source

   1          /*  #   DS1302ä»£ç ç‰‡æ®µè¯´æ˜
   2            1.  æœ¬æ–‡ä»¶å¤¹ä¸­æä¾›çš„é©±åŠ¨ä»£ç ä¾›å‚èµ›é€‰æ‰‹å®Œæˆç¨‹åºè®¾è®¡å‚è€ƒã€‚
   3            2.  å‚èµ›é€‰æ‰‹å¯ä»¥è‡ªè¡Œç¼–å†™ç›¸å…³ä»£ç æˆ–ä»¥è¯¥ä»£ç ä¸ºåŸºç¡€ï¼Œæ ¹æ®æ‰€é€‰å•ç‰‡æœºç±»å‹ã€è¿
             -è¡Œé€Ÿåº¦å’Œè¯•é¢˜
   4              ä¸­å¯¹å•ç‰‡æœºæ—¶é’Ÿé¢‘ç‡çš„è¦æ±‚ï¼Œè¿›è¡Œä»£ç è°ƒè¯•å’Œä¿®æ”¹ã€‚
   5          */                
   6          #include "ds1302.h"
   7          #include "intrins.h"
   8          sbit SCK = P1 ^ 7;
   9          sbit SDA = P2 ^ 3;
  10          sbit RST = P1 ^ 3;
  11          //
  12          void Write_Ds1302(unsigned  char temp) 
  13          {
  14   1        unsigned char i;
  15   1        for (i=0;i<8;i++)       
  16   1        { 
  17   2          SCK = 0;
  18   2          SDA = temp&0x01;
  19   2          temp>>=1; 
  20   2          SCK=1;
  21   2        }
  22   1      }   
  23          
  24          //
  25          void Write_Ds1302_Byte( unsigned char address,unsigned char dat )     
  26          {
  27   1        RST=0;  _nop_();
  28   1        SCK=0;  _nop_();
  29   1        RST=1;  _nop_();  
  30   1        Write_Ds1302(address);  
  31   1        Write_Ds1302(dat);    
  32   1        RST=0; 
  33   1      }
  34          
  35          //
  36          unsigned char Read_Ds1302_Byte ( unsigned char address )
  37          {
  38   1        unsigned char i,temp=0x00;
  39   1        RST=0;  _nop_();
  40   1        SCK=0;  _nop_();
  41   1        RST=1;  _nop_();
  42   1        Write_Ds1302(address);
  43   1        for (i=0;i<8;i++)   
  44   1        {   
  45   2          SCK=0;
  46   2          temp>>=1; 
  47   2          if(SDA)
  48   2          temp|=0x80; 
  49   2          SCK=1;
  50   2        } 
  51   1        RST=0;  _nop_();
  52   1        SCK=0;  _nop_();
  53   1        SCK=1;  _nop_();
C51 COMPILER V9.60.7.0   DS1302                                                            06/13/2025 19:53:14 PAGE 2   

  54   1        SDA=0;  _nop_();
  55   1        SDA=1;  _nop_();
  56   1        return (temp);      
  57   1      }
  58          
  59          void Set_Rtc(unsigned char *Rtc_Buf)
  60          {
  61   1        unsigned char i;
  62   1        Write_Ds1302_Byte(0x8e,0x00);//å…³é—­å†™ä¿æŠ¤
  63   1        Write_Ds1302_Byte(0x80,0x80);//å¼€å§‹å†™
  64   1        for(i = 0;i < 3;i++)
  65   1        {
  66   2          Write_Ds1302_Byte(0x84 - 2*i,Rtc_Buf[i] / 10 * 16 + Rtc_Buf[i] % 10);
  67   2        }
  68   1        Write_Ds1302_Byte(0x8e,0x80);//å¼€å¯å†™ä¿æŠ¤
  69   1      }
  70          
  71          void Read_Rtc(unsigned char *Rtc_Buf)
  72          {
  73   1        unsigned char temp,i;
  74   1        EA = 0;//å…³é—­æ€»ä¸­æ–­
  75   1        for(i = 0;i < 3;i++)
  76   1        {
  77   2          temp = Read_Ds1302_Byte(0x85 - 2*i);
  78   2          Rtc_Buf[i] = temp / 16 * 10 + temp % 16;
  79   2        }
  80   1        EA = 1;//å¼€å¯æ€»ä¸­æ–­
  81   1      }


MODULE INFORMATION:   STATIC OVERLAYABLE
   CODE SIZE        =    224    ----
   CONSTANT SIZE    =   ----    ----
   XDATA SIZE       =   ----    ----
   PDATA SIZE       =   ----    ----
   DATA SIZE        =   ----       6
   IDATA SIZE       =   ----    ----
   BIT SIZE         =   ----    ----
END OF MODULE INFORMATION.


C51 COMPILATION COMPLETE.  0 WARNING(S),  0 ERROR(S)
