C51 COMPILER V9.60.7.0   INIT                                                              06/13/2025 19:53:13 PAGE 1   


C51 COMPILER V9.60.7.0, COMPILATION OF MODULE INIT
OBJECT MODULE PLACED IN .\Objects\init.obj
COMPILER INVOKED BY: F:\keil_5\C51\BIN\C51.EXE ..\Driver\init.c OPTIMIZE(8,SPEED) BROWSE INCDIR(..\Driver) DEBUG OBJECTE
                    -XTEND PRINT(.\Listings\init.lst) TABS(2) OBJECT(.\Objects\init.obj)

line level    source

   1          #include "init.h"
   2          
   3          void System_Init()
   4          {
   5   1        unsigned char temp;
   6   1        //---关闭led---//
   7   1        P0 = 0xff;
   8   1        //开锁存器
   9   1        temp = P2 & 0x1f;
  10   1        temp |= 0x80;
  11   1        P2 = temp;
  12   1        //关锁存器
  13   1        temp = P2 & 0x1f;
  14   1        P2 = temp;
  15   1        //---关闭外设---//
  16   1        P0 = 0x00;
  17   1        //开锁存器
  18   1        temp = P2 & 0x1f;
  19   1        temp |= 0xa0;
  20   1        P2 = temp;
  21   1        //关锁存器
  22   1        temp = P2 & 0x1f;
  23   1        P2 = temp;
  24   1      }


MODULE INFORMATION:   STATIC OVERLAYABLE
   CODE SIZE        =     39    ----
   CONSTANT SIZE    =   ----    ----
   XDATA SIZE       =   ----    ----
   PDATA SIZE       =   ----    ----
   DATA SIZE        =   ----    ----
   IDATA SIZE       =   ----    ----
   BIT SIZE         =   ----    ----
END OF MODULE INFORMATION.


C51 COMPILATION COMPLETE.  0 WARNING(S),  0 ERROR(S)
