C51 COMPILER V9.60.7.0   KEY                                                               06/13/2025 19:53:14 PAGE 1   


C51 COMPILER V9.60.7.0, COMPILATION OF MODULE KEY
OBJECT MODULE PLACED IN .\Objects\key.obj
COMPILER INVOKED BY: F:\keil_5\C51\BIN\C51.EXE ..\Driver\key.c OPTIMIZE(8,SPEED) BROWSE INCDIR(..\Driver) DEBUG OBJECTEX
                    -TEND PRINT(.\Listings\key.lst) TABS(2) OBJECT(.\Objects\key.obj)

line level    source

   1          #include "key.h"
   2          
   3          unsigned char Key_Read()
   4          {
   5   1        /*独立按键*/
   6   1        //略
   7   1        /*矩阵键盘*/
   8   1        //如果需要测量频率，需要注释所有P34！！！
   9   1        unsigned char temp = 0;//一定注意初始化！！！
  10   1        //判断串口使用与否,是-返回0,否-继续运行
  11   1        P44 = 1;P42 = 1;P35 = 1;P34 = 1;
  12   1        if(P30 == 0) return 0;
  13   1        P44 = 0;P42 = 1;P35 = 1;P34 = 1;
  14   1        if(P30 == 0) temp = 7;
  15   1        if(P31 == 0) temp = 6;
  16   1        if(P32 == 0) temp = 5;
  17   1        if(P33 == 0) temp = 4;
  18   1        //判断串口使用与否,是-返回0,否-继续运行
  19   1        P44 = 1;P42 = 1;P35 = 1;P34 = 1;
  20   1        if(P30 == 0) return 0;
  21   1        P44 = 1;P42 = 0;P35 = 1;P34 = 1;
  22   1        if(P30 == 0) temp = 11;
  23   1        if(P31 == 0) temp = 10;
  24   1        if(P32 == 0) temp = 9;
  25   1        if(P33 == 0) temp = 8;
  26   1        //判断串口使用与否,是-返回0,否-继续运行
  27   1        P44 = 1;P42 = 1;P35 = 1;P34 = 1;
  28   1        if(P30 == 0) return 0;
  29   1        P44 = 1;P42 = 1;P35 = 0;P34 = 1;
  30   1        if(P30 == 0) temp = 15;
  31   1        if(P31 == 0) temp = 14;
  32   1        if(P32 == 0) temp = 13;
  33   1        if(P33 == 0) temp = 12;
  34   1        //判断串口使用与否,是-返回0,否-继续运行
  35   1        P44 = 1;P42 = 1;P35 = 1;P34 = 1;
  36   1        if(P30 == 0) return 0;
  37   1        P44 = 1;P42 = 1;P35 = 1;P34 = 0;
  38   1        if(P30 == 0) temp = 19;
  39   1        if(P31 == 0) temp = 18;
  40   1        if(P32 == 0) temp = 17;
  41   1        if(P33 == 0) temp = 16;
  42   1        
  43   1        // --- 扫描结束，恢复端口状态 ---
  44   1        // 确保所有行线在函数退出时都恢复为高电平。
  45   1        P44 = 1;P42 = 1;P35 = 1;P34 = 1;
  46   1        P3 |= 0xef;//不影响频率测量
  47   1        
  48   1        return temp;
  49   1      }


MODULE INFORMATION:   STATIC OVERLAYABLE
   CODE SIZE        =    180    ----
   CONSTANT SIZE    =   ----    ----
C51 COMPILER V9.60.7.0   KEY                                                               06/13/2025 19:53:14 PAGE 2   

   XDATA SIZE       =   ----    ----
   PDATA SIZE       =   ----    ----
   DATA SIZE        =   ----    ----
   IDATA SIZE       =   ----    ----
   BIT SIZE         =   ----    ----
END OF MODULE INFORMATION.


C51 COMPILATION COMPLETE.  0 WARNING(S),  0 ERROR(S)
