C51 COMPILER V9.60.7.0   SEG                                                               06/13/2025 19:53:14 PAGE 1   


C51 COMPILER V9.60.7.0, COMPILATION OF MODULE SEG
OBJECT MODULE PLACED IN .\Objects\seg.obj
COMPILER INVOKED BY: F:\keil_5\C51\BIN\C51.EXE ..\Driver\seg.c OPTIMIZE(8,SPEED) BROWSE INCDIR(..\Driver) DEBUG OBJECTEX
                    -TEND PRINT(.\Listings\seg.lst) TABS(2) OBJECT(.\Objects\seg.obj)

line level    source

   1          #include "seg.h"
   2          
   3          pdata unsigned char Seg_Dula[] = {0xC0,0xF9,0xA4,0xB0,0x99,0x92,0x82,0xF8,0x80,0x90,0xff};
   4          
   5          void Seg_Disp(unsigned char wela,unsigned char dula,bit point)
   6          {
   7   1        unsigned char temp;
   8   1        //消隐
   9   1        P0 = 0xff;
  10   1        //开锁存器
  11   1        temp = P2 & 0x1f;
  12   1        temp |= 0xe0;
  13   1        P2 = temp;
  14   1        //关锁存器
  15   1        temp = P2 & 0x1f;
  16   1        P2 = temp;
  17   1        
  18   1        //位选
  19   1        P0 = 0x01 << wela;
  20   1        //开锁存器
  21   1        temp = P2 & 0x1f;
  22   1        temp |= 0xc0;
  23   1        P2 = temp;
  24   1        //关锁存器
  25   1        temp = P2 & 0x1f;
  26   1        P2 = temp;
  27   1        
  28   1        //段选
  29   1        P0 = Seg_Dula[dula];
  30   1        if(point)
  31   1          P0 &= 0x7f;
  32   1        //开锁存器
  33   1        temp = P2 & 0x1f;
  34   1        temp |= 0xe0;
  35   1        P2 = temp;
  36   1        //关锁存器
  37   1        temp = P2 & 0x1f;
  38   1        P2 = temp;
  39   1      }


MODULE INFORMATION:   STATIC OVERLAYABLE
   CODE SIZE        =     79    ----
   CONSTANT SIZE    =   ----    ----
   XDATA SIZE       =   ----    ----
   PDATA SIZE       =     11    ----
   DATA SIZE        =   ----    ----
   IDATA SIZE       =   ----    ----
   BIT SIZE         =   ----       1
END OF MODULE INFORMATION.


C51 COMPILATION COMPLETE.  0 WARNING(S),  0 ERROR(S)
