C51 COMPILER V9.60.7.0   IIC                                                               06/14/2025 22:24:12 PAGE 1   


C51 COMPILER V9.60.7.0, COMPILATION OF MODULE IIC
OBJECT MODULE PLACED IN .\Objects\iic.obj
COMPILER INVOKED BY: F:\keil_5\C51\BIN\C51.EXE ..\Driver\iic.c OPTIMIZE(8,SPEED) BROWSE INCDIR(..\Driver) DEBUG OBJECTEX
                    -TEND PRINT(.\Listings\iic.lst) TABS(2) OBJECT(.\Objects\iic.obj)

line level    source

   1          /*  #   I2Cä»£ç ç‰‡æ®µè¯´æ˜
   2            1.  æœ¬æ–‡ä»¶å¤¹ä¸­æä¾›çš„é©±åŠ¨ä»£ç ä¾›å‚èµ›é€‰æ‰‹å®Œæˆç¨‹åºè®¾è®¡å‚è€ƒã€‚
   3            2.  å‚èµ›é€‰æ‰‹å¯ä»¥è‡ªè¡Œç¼–å†™ç›¸å…³ä»£ç æˆ–ä»¥è¯¥ä»£ç ä¸ºåŸºç¡€ï¼Œæ ¹æ®æ‰€é€‰å•ç‰‡æœºç±»å‹ã€è¿
             -è¡Œé€Ÿåº¦å’Œè¯•é¢˜
   4              ä¸­å¯¹å•ç‰‡æœºæ—¶é’Ÿé¢‘ç‡çš„è¦æ±‚ï¼Œè¿›è¡Œä»£ç è°ƒè¯•å’Œä¿®æ”¹ã€‚
   5          */
   6          #include "iic.h"
   7          #include "intrins.h"
   8          
   9          #define DELAY_TIME  5
  10          
  11          sbit scl = P2^0;
  12          sbit sda = P2^1;
  13          
  14          //
  15          static void I2C_Delay(unsigned char n)
  16          {
  17   1          do
  18   1          {
  19   2              _nop_();_nop_();_nop_();_nop_();_nop_();
  20   2              _nop_();_nop_();_nop_();_nop_();_nop_();
  21   2              _nop_();_nop_();_nop_();_nop_();_nop_();    
  22   2          }
  23   1          while(n--);       
  24   1      }
  25          
  26          //
  27          void I2CStart(void)
  28          {
  29   1          sda = 1;
  30   1          scl = 1;
  31   1        I2C_Delay(DELAY_TIME);
  32   1          sda = 0;
  33   1        I2C_Delay(DELAY_TIME);
  34   1          scl = 0;    
  35   1      }
  36          
  37          //
  38          void I2CStop(void)
  39          {
  40   1          sda = 0;
  41   1          scl = 1;
  42   1        I2C_Delay(DELAY_TIME);
  43   1          sda = 1;
  44   1        I2C_Delay(DELAY_TIME);
  45   1      }
  46          
  47          //
  48          void I2CSendByte(unsigned char byt)
  49          {
  50   1          unsigned char i;
  51   1        
  52   1          for(i=0; i<8; i++){
  53   2              scl = 0;
C51 COMPILER V9.60.7.0   IIC                                                               06/14/2025 22:24:12 PAGE 2   

  54   2          I2C_Delay(DELAY_TIME);
  55   2              if(byt & 0x80){
  56   3                  sda = 1;
  57   3              }
  58   2              else{
  59   3                  sda = 0;
  60   3              }
  61   2          I2C_Delay(DELAY_TIME);
  62   2              scl = 1;
  63   2              byt <<= 1;
  64   2          I2C_Delay(DELAY_TIME);
  65   2          }
  66   1        
  67   1          scl = 0;  
  68   1      }
  69          
  70          //
  71          unsigned char I2CReceiveByte(void)
  72          {
  73   1        unsigned char da;
  74   1        unsigned char i;
  75   1        for(i=0;i<8;i++){   
  76   2          scl = 1;
  77   2          I2C_Delay(DELAY_TIME);
  78   2          da <<= 1;
  79   2          if(sda) 
  80   2            da |= 0x01;
  81   2          scl = 0;
  82   2          I2C_Delay(DELAY_TIME);
  83   2        }
  84   1        return da;    
  85   1      }
  86          
  87          //
  88          unsigned char I2CWaitAck(void)
  89          {
  90   1        unsigned char ackbit;
  91   1        
  92   1          scl = 1;
  93   1        I2C_Delay(DELAY_TIME);
  94   1          ackbit = sda; 
  95   1          scl = 0;
  96   1        I2C_Delay(DELAY_TIME);
  97   1        
  98   1        return ackbit;
  99   1      }
 100          
 101          //
 102          void I2CSendAck(unsigned char ackbit)
 103          {
 104   1          scl = 0;
 105   1          sda = ackbit; 
 106   1        I2C_Delay(DELAY_TIME);
 107   1          scl = 1;
 108   1        I2C_Delay(DELAY_TIME);
 109   1          scl = 0; 
 110   1        sda = 1;
 111   1        I2C_Delay(DELAY_TIME);
 112   1      }
 113          
 114          unsigned char AD_Read(unsigned char addr)
 115          {
C51 COMPILER V9.60.7.0   IIC                                                               06/14/2025 22:24:12 PAGE 3   

 116   1        unsigned char temp;
 117   1        
 118   1        I2CStart();
 119   1        I2CSendByte(0x90);
 120   1        I2CWaitAck();
 121   1        I2CSendByte(addr);
 122   1        I2CWaitAck();
 123   1        
 124   1        I2CStart();
 125   1        I2CSendByte(0x91);
 126   1        I2CWaitAck();
 127   1        temp = I2CReceiveByte();
 128   1        
 129   1        I2CSendAck(1);
 130   1        I2CStop();
 131   1        
 132   1        return temp;
 133   1      }
 134          //void DA_Write(dat)
 135          //{
 136          //  I2CStart();
 137          //  I2CSendByte(0x90);
 138          //  I2CWaitAck();
 139          //  I2CSendByte(0x40);
 140          //  I2CWaitAck();
 141          //  I2CSendByte(dat);
 142          //  I2CWaitAck();
 143          //}
 144          
 145          //void EEPROM_Read(unsigned char *str,unsigned char addr,num)
 146          //{
 147          //  I2CStart();
 148          //  I2CSendByte(0xa0);
 149          //  I2CWaitAck();
 150          //  I2CSendByte(addr);
 151          //  I2CWaitAck();
 152          //  
 153          //  I2CStart();
 154          //  I2CSendByte(0xa1);
 155          //  I2CWaitAck();
 156          //  while(num--)
 157          //  {
 158          //    *str++ = I2CReceiveByte();
 159          //    if(num)
 160          //      I2CSendAck(0);
 161          //    else
 162          //      I2CSendAck(1);
 163          //  }
 164          //  I2CStop();
 165          //}
 166          //void EEPROM_Write(unsigned char *str,unsigned char addr,num)
 167          //{
 168          //  I2CStart();
 169          //  I2CSendByte(0xa0);
 170          //  I2CWaitAck();
 171          //  I2CSendByte(addr);
 172          //  I2CWaitAck();
 173          //  
 174          //  while(num--)
 175          //  {
 176          //    I2CSendByte(*str++);
 177          //    I2CWaitAck();
C51 COMPILER V9.60.7.0   IIC                                                               06/14/2025 22:24:12 PAGE 4   

 178          //    I2C_Delay(200);
 179          //  }
 180          //  I2CStop();
 181          //  I2C_Delay(255);
 182          //  I2C_Delay(255);
 183          //  I2C_Delay(255);
 184          //  I2C_Delay(255);
 185          //  I2C_Delay(255);
 186          //  I2C_Delay(255);
 187          //  I2C_Delay(255);
 188          //  I2C_Delay(255);
 189          //  I2C_Delay(255);
 190          //  I2C_Delay(255);
 191          //}


MODULE INFORMATION:   STATIC OVERLAYABLE
   CODE SIZE        =    213    ----
   CONSTANT SIZE    =   ----    ----
   XDATA SIZE       =   ----    ----
   PDATA SIZE       =   ----    ----
   DATA SIZE        =   ----    ----
   IDATA SIZE       =   ----    ----
   BIT SIZE         =   ----    ----
END OF MODULE INFORMATION.


C51 COMPILATION COMPLETE.  0 WARNING(S),  0 ERROR(S)
