C51 COMPILER V9.60.7.0   KEY                                                               06/14/2025 19:55:45 PAGE 1   


C51 COMPILER V9.60.7.0, COMPILATION OF MODULE KEY
OBJECT MODULE PLACED IN .\Objects\key.obj
COMPILER INVOKED BY: F:\keil_5\C51\BIN\C51.EXE ..\Driver\key.c OPTIMIZE(8,SPEED) BROWSE INCDIR(..\Driver) DEBUG OBJECTEX
                    -TEND PRINT(.\Listings\key.lst) TABS(2) OBJECT(.\Objects\key.obj)

line level    source

   1          #include "key.h"
   2          
   3          unsigned char Key_Read()
   4          {
   5   1        unsigned char temp = 0;
   6   1        
   7   1        P44 = 1;P42 = 1;P35 = 1;
   8   1        if(P30 == 0) return 0;
   9   1        P44 = 0;P42 = 1;P35 = 1;
  10   1        if(P30 == 0) temp = 7;
  11   1        if(P31 == 0) temp = 6;
  12   1        if(P32 == 0) temp = 5;
  13   1        if(P33 == 0) temp = 4;
  14   1        
  15   1        P44 = 1;P42 = 1;P35 = 1;
  16   1        if(P30 == 0) return 0;
  17   1        P44 = 1;P42 = 0;P35 = 1;
  18   1        if(P30 == 0) temp = 11;
  19   1        if(P31 == 0) temp = 10;
  20   1        if(P32 == 0) temp = 9;
  21   1        if(P33 == 0) temp = 8;
  22   1        
  23   1        P44 = 1;P42 = 1;P35 = 1;
  24   1        if(P30 == 0) return 0;
  25   1        P44 = 1;P42 = 1;P35 = 0;
  26   1        if(P30 == 0) temp = 15;
  27   1        if(P31 == 0) temp = 14;
  28   1        if(P32 == 0) temp = 13;
  29   1        if(P33 == 0) temp = 12;
  30   1        
  31   1        P44 = 1;P42 = 1;P35 = 1;
  32   1        P3 |= 0xef;
  33   1        
  34   1        return temp;
  35   1      }


MODULE INFORMATION:   STATIC OVERLAYABLE
   CODE SIZE        =    124    ----
   CONSTANT SIZE    =   ----    ----
   XDATA SIZE       =   ----    ----
   PDATA SIZE       =   ----    ----
   DATA SIZE        =   ----    ----
   IDATA SIZE       =   ----    ----
   BIT SIZE         =   ----    ----
END OF MODULE INFORMATION.


C51 COMPILATION COMPLETE.  0 WARNING(S),  0 ERROR(S)
