C51 COMPILER V9.60.7.0   LED                                                               06/14/2025 19:55:16 PAGE 1   


C51 COMPILER V9.60.7.0, COMPILATION OF MODULE LED
OBJECT MODULE PLACED IN .\Objects\led.obj
COMPILER INVOKED BY: F:\keil_5\C51\BIN\C51.EXE ..\Driver\led.c OPTIMIZE(8,SPEED) BROWSE INCDIR(..\Driver) DEBUG OBJECTEX
                    -TEND PRINT(.\Listings\led.lst) TABS(2) OBJECT(.\Objects\led.obj)

line level    source

   1          #include "led.h"
   2          
   3          idata unsigned char temp_0 = 0x00;
   4          idata unsigned char temp_0_old = 0xff;
   5          
   6          void Led_Disp(unsigned char *Led_Buf)
   7          {
   8   1        unsigned char temp;
   9   1        temp_0 = 0x00;
  10   1        temp_0 = (Led_Buf[0] << 0) | (Led_Buf[1] << 1) | (Led_Buf[2] << 2) | (Led_Buf[3] << 3)
  11   1                |(Led_Buf[4] << 4) | (Led_Buf[5] << 5) | (Led_Buf[6] << 6) | (Led_Buf[7] << 7);
  12   1        if(temp_0 != temp_0_old)
  13   1        {
  14   2          P0 = ~temp_0;
  15   2          temp = P2 & 0x1f;
  16   2          temp |= 0x80;
  17   2          P2 = temp;
  18   2          temp = P2 & 0x1f;
  19   2          P2 = temp;
  20   2          temp_0_old = temp_0;
  21   2        }
  22   1      }
  23          
  24          //void Led_Off()
  25          //{
  26          //  unsigned char temp;
  27          //  P0 = 0xff;
  28          //  temp = P2 & 0x1f;
  29          //  temp |= 0x80;
  30          //  P2 = temp;
  31          //  temp = P2 & 0x1f;
  32          //  P2 = temp;
  33          //  temp_0_old = 0x00;
  34          //}
  35          
  36          idata unsigned char temp_1 = 0x00;
  37          idata unsigned char temp_1_old = 0xff;
  38          
  39          void Relay(bit enable)
  40          {
  41   1        unsigned char temp;
  42   1        if(enable)
  43   1          temp_1 |= 0x10;
  44   1        else
  45   1          temp_1 &= ~(0x10);
  46   1        if(temp_1 != temp_1_old)
  47   1        {
  48   2          P0 = temp_1;
  49   2          temp = P2 & 0x1f;
  50   2          temp |= 0xa0;
  51   2          P2 = temp;
  52   2          temp = P2 & 0x1f;
  53   2          P2 = temp;
  54   2          temp_1_old = temp_1;
C51 COMPILER V9.60.7.0   LED                                                               06/14/2025 19:55:16 PAGE 2   

  55   2        }
  56   1      }
  57          //void Motor(bit enable)
  58          //{
  59          //  unsigned char temp;
  60          //  if(enable)
  61          //    temp_1 |= 0x20;
  62          //  else
  63          //    temp_1 &= ~(0x20);
  64          //  if(temp_1 != temp_1_old)
  65          //  {
  66          //    P0 = temp_1;
  67          //    temp = P2 & 0x1f;
  68          //    temp |= 0xa0;
  69          //    P2 = temp;
  70          //    temp = P2 & 0x1f;
  71          //    P2 = temp;
  72          //    temp_1_old = temp_1;
  73          //  }
  74          //}


MODULE INFORMATION:   STATIC OVERLAYABLE
   CODE SIZE        =    174    ----
   CONSTANT SIZE    =   ----    ----
   XDATA SIZE       =   ----    ----
   PDATA SIZE       =   ----    ----
   DATA SIZE        =   ----    ----
   IDATA SIZE       =      4    ----
   BIT SIZE         =   ----       1
END OF MODULE INFORMATION.


C51 COMPILATION COMPLETE.  0 WARNING(S),  0 ERROR(S)
