C51 COMPILER V9.60.7.0   KEY                                                               06/13/2025 23:44:48 PAGE 1   


C51 COMPILER V9.60.7.0, COMPILATION OF MODULE KEY
OBJECT MODULE PLACED IN .\Objects\key.obj
COMPILER INVOKED BY: F:\keil_5\C51\BIN\C51.EXE ..\Driver\key.c OPTIMIZE(8,SPEED) BROWSE INCDIR(..\Driver) DEBUG OBJECTEX
                    -TEND PRINT(.\Listings\key.lst) TABS(2) OBJECT(.\Objects\key.obj)

line level    source

   1          #include "key.h"
   2          
   3          unsigned char Key_Read()
   4          {
   5   1        unsigned char temp = 0;
   6   1        
   7   1        if(P30 == 0) temp = 7;
   8   1        if(P31 == 0) temp = 6;
   9   1        if(P32 == 0) temp = 5;
  10   1        if(P33 == 0) temp = 4;
  11   1        
  12   1        return temp;
  13   1      }


MODULE INFORMATION:   STATIC OVERLAYABLE
   CODE SIZE        =     23    ----
   CONSTANT SIZE    =   ----    ----
   XDATA SIZE       =   ----    ----
   PDATA SIZE       =   ----    ----
   DATA SIZE        =   ----    ----
   IDATA SIZE       =   ----    ----
   BIT SIZE         =   ----    ----
END OF MODULE INFORMATION.


C51 COMPILATION COMPLETE.  0 WARNING(S),  0 ERROR(S)
